#! /c/Source/iverilog-install/bin/vvp
:ivl_version "12.0 (devel)" "(s20150603-1539-g2693dd32b)";
:ivl_delay_selection "TYPICAL";
:vpi_time_precision + 0;
:vpi_module "D:\iverilog\lib\ivl\system.vpi";
:vpi_module "D:\iverilog\lib\ivl\vhdl_sys.vpi";
:vpi_module "D:\iverilog\lib\ivl\vhdl_textio.vpi";
:vpi_module "D:\iverilog\lib\ivl\v2005_math.vpi";
:vpi_module "D:\iverilog\lib\ivl\va_math.vpi";
S_000001e0a2c77040 .scope module, "testbench" "testbench" 2 1;
 .timescale 0 0;
v000001e0a2c84ec0_0 .var "clk", 0 0;
v000001e0a2c84f60_0 .net "rand", 7 0, v000001e0a2c530e0_0;  1 drivers
v000001e0a2c86bd0_0 .var "rst", 0 0;
S_000001e0a2c86a40 .scope module, "random_0" "XOR_RNG" 2 7, 3 3 0, S_000001e0a2c77040;
 .timescale 0 0;
    .port_info 0 /INPUT 1 "clk";
    .port_info 1 /INPUT 1 "rst";
    .port_info 2 /OUTPUT 8 "rand";
v000001e0a2c537f0_0 .net "clk", 0 0, v000001e0a2c84ec0_0;  1 drivers
v000001e0a2c530e0_0 .var "rand", 7 0;
v000001e0a2c771d0_0 .net "rst", 0 0, v000001e0a2c86bd0_0;  1 drivers
v000001e0a2c84e20_0 .var "state", 7 0;
E_000001e0a2c754b0 .event posedge, v000001e0a2c537f0_0;
    .scope S_000001e0a2c86a40;
T_0 ;
    %wait E_000001e0a2c754b0;
    %load/vec4 v000001e0a2c771d0_0;
    %flag_set/vec4 8;
    %jmp/0xz  T_0.0, 8;
    %pushi/vec4 77, 0, 8;
    %assign/vec4 v000001e0a2c84e20_0, 0;
    %jmp T_0.1;
T_0.0 ;
    %load/vec4 v000001e0a2c84e20_0;
    %load/vec4 v000001e0a2c84e20_0;
    %ix/load 4, 3, 0;
    %flag_set/imm 4, 0;
    %shiftl 4;
    %xor;
    %assign/vec4 v000001e0a2c84e20_0, 0;
    %load/vec4 v000001e0a2c84e20_0;
    %load/vec4 v000001e0a2c84e20_0;
    %ix/load 4, 5, 0;
    %flag_set/imm 4, 0;
    %shiftr 4;
    %xor;
    %assign/vec4 v000001e0a2c84e20_0, 0;
    %load/vec4 v000001e0a2c84e20_0;
    %load/vec4 v000001e0a2c84e20_0;
    %ix/load 4, 2, 0;
    %flag_set/imm 4, 0;
    %shiftl 4;
    %xor;
    %assign/vec4 v000001e0a2c84e20_0, 0;
    %load/vec4 v000001e0a2c84e20_0;
    %load/vec4 v000001e0a2c84e20_0;
    %addi 29, 0, 8;
    %xor;
    %assign/vec4 v000001e0a2c84e20_0, 0;
T_0.1 ;
    %jmp T_0;
    .thread T_0;
    .scope S_000001e0a2c86a40;
T_1 ;
    %wait E_000001e0a2c754b0;
    %load/vec4 v000001e0a2c84e20_0;
    %assign/vec4 v000001e0a2c530e0_0, 0;
    %jmp T_1;
    .thread T_1;
    .scope S_000001e0a2c77040;
T_2 ;
    %pushi/vec4 0, 0, 1;
    %store/vec4 v000001e0a2c84ec0_0, 0, 1;
T_2.0 ;
    %delay 5, 0;
    %load/vec4 v000001e0a2c84ec0_0;
    %inv;
    %store/vec4 v000001e0a2c84ec0_0, 0, 1;
    %jmp T_2.0;
    %end;
    .thread T_2;
    .scope S_000001e0a2c77040;
T_3 ;
    %pushi/vec4 1, 0, 1;
    %store/vec4 v000001e0a2c86bd0_0, 0, 1;
    %delay 10, 0;
    %pushi/vec4 0, 0, 1;
    %store/vec4 v000001e0a2c86bd0_0, 0, 1;
    %delay 300, 0;
    %vpi_call 2 23 "$stop" {0 0 0};
    %end;
    .thread T_3;
    .scope S_000001e0a2c77040;
T_4 ;
    %vpi_call 2 28 "$monitor", "Time: %t | Random: %h", $time, v000001e0a2c84f60_0 {0 0 0};
    %end;
    .thread T_4;
# The file index is used to find the file name in the following table.
:file_names 4;
    "N/A";
    "<interactive>";
    ".\XOR_RNG_tb.v";
    ".\XORShift_RNG.v";
