#! /c/Source/iverilog-install/bin/vvp
:ivl_version "12.0 (devel)" "(s20150603-1539-g2693dd32b)";
:ivl_delay_selection "TYPICAL";
:vpi_time_precision - 12;
:vpi_module "C:\PROGRA~1\iverilog\lib\ivl\system.vpi";
:vpi_module "C:\PROGRA~1\iverilog\lib\ivl\vhdl_sys.vpi";
:vpi_module "C:\PROGRA~1\iverilog\lib\ivl\vhdl_textio.vpi";
:vpi_module "C:\PROGRA~1\iverilog\lib\ivl\v2005_math.vpi";
:vpi_module "C:\PROGRA~1\iverilog\lib\ivl\va_math.vpi";
S_0000022d75e4f5f0 .scope module, "softplus_tb" "softplus_tb" 2 3;
 .timescale -9 -12;
P_0000022d75e4dc80 .param/l "WIDTH" 0 2 8, +C4<00000000000000000000000000010000>;
v0000022d75ec2180_0 .net/s "alfa", 15 0, L_0000022d75ec18c0;  1 drivers
v0000022d75ec2e00_0 .var/i "fd", 31 0;
v0000022d75ec1640_0 .var/i "i", 31 0;
v0000022d75ec2360_0 .var/s "x", 15 0;
S_0000022d75e690d0 .scope module, "uut" "softplus" 2 33, 3 11 0, S_0000022d75e4f5f0;
 .timescale -9 -12;
    .port_info 0 /INPUT 16 "operand";
    .port_info 1 /OUTPUT 16 "out";
v0000022d75ec08b0_0 .net "grad", 15 0, v0000022d75e23310_0;  1 drivers
v0000022d75ec0b30_0 .net "mulres", 15 0, L_0000022d75ec2c20;  1 drivers
v0000022d75ec15a0_0 .net "offset", 15 0, v0000022d75ec01d0_0;  1 drivers
v0000022d75ec24a0_0 .net "operand", 15 0, v0000022d75ec2360_0;  1 drivers
v0000022d75ec1aa0_0 .net "out", 15 0, L_0000022d75ec18c0;  alias, 1 drivers
L_0000022d75ec18c0 .arith/sum 16, L_0000022d75ec2c20, v0000022d75ec01d0_0;
S_0000022d75e69260 .scope module, "softgrad" "grad_softplus" 3 19, 4 8 0, S_0000022d75e690d0;
 .timescale -9 -12;
    .port_info 0 /INPUT 16 "operand";
    .port_info 1 /OUTPUT 16 "grad";
v0000022d75e23310_0 .var "grad", 15 0;
v0000022d75e4f780_0 .net "operand", 15 0, v0000022d75ec2360_0;  alias, 1 drivers
v0000022d75e693f0_0 .var "outneg", 15 0;
v0000022d75e69490_0 .var "outpos", 15 0;
v0000022d75ec0a90_0 .net "sign", 0 0, L_0000022d75ec2220;  1 drivers
v0000022d75ec0ef0_0 .net "x", 7 0, L_0000022d75ec2b80;  1 drivers
E_0000022d75e4d200 .event anyedge, v0000022d75ec0ef0_0, v0000022d75ec0a90_0, v0000022d75e69490_0, v0000022d75e693f0_0;
L_0000022d75ec2220 .part v0000022d75ec2360_0, 15, 1;
L_0000022d75ec2b80 .part v0000022d75ec2360_0, 8, 8;
S_0000022d75e5f630 .scope module, "softmul" "mult" 3 31, 5 8 0, S_0000022d75e690d0;
 .timescale -9 -12;
    .port_info 0 /INPUT 16 "Operand_1";
    .port_info 1 /INPUT 16 "Operand_2";
    .port_info 2 /OUTPUT 16 "result";
v0000022d75ec09f0_0 .net "Operand_1", 15 0, v0000022d75ec2360_0;  alias, 1 drivers
v0000022d75ec0310_0 .net "Operand_2", 15 0, v0000022d75e23310_0;  alias, 1 drivers
v0000022d75ec0db0_0 .net *"_ivl_1", 0 0, L_0000022d75ec2680;  1 drivers
v0000022d75ec0270_0 .net *"_ivl_12", 63 0, L_0000022d75ec2f40;  1 drivers
L_0000022d75ec4078 .functor BUFT 1, C4<00000000000000000000000000000000>, C4<0>, C4<0>, C4<0>;
v0000022d75ec0450_0 .net *"_ivl_15", 31 0, L_0000022d75ec4078;  1 drivers
v0000022d75ec0090_0 .net *"_ivl_16", 63 0, L_0000022d75ec1500;  1 drivers
L_0000022d75ec40c0 .functor BUFT 1, C4<00000000000000000000000000000000>, C4<0>, C4<0>, C4<0>;
v0000022d75ec06d0_0 .net *"_ivl_19", 31 0, L_0000022d75ec40c0;  1 drivers
v0000022d75ec0590_0 .net *"_ivl_2", 15 0, L_0000022d75ec16e0;  1 drivers
v0000022d75ec0bd0_0 .net *"_ivl_23", 16 0, L_0000022d75ec1780;  1 drivers
v0000022d75ec0f90_0 .net *"_ivl_7", 0 0, L_0000022d75ec25e0;  1 drivers
v0000022d75ec0130_0 .net *"_ivl_8", 15 0, L_0000022d75ec1dc0;  1 drivers
v0000022d75ec0d10_0 .net "result", 15 0, L_0000022d75ec2c20;  alias, 1 drivers
v0000022d75ec0e50_0 .net "temp", 63 0, L_0000022d75ec10a0;  1 drivers
v0000022d75ec0c70_0 .net "temp_op1", 31 0, L_0000022d75ec27c0;  1 drivers
v0000022d75ec0950_0 .net "temp_op2", 31 0, L_0000022d75ec2ea0;  1 drivers
L_0000022d75ec2680 .part v0000022d75ec2360_0, 15, 1;
LS_0000022d75ec16e0_0_0 .concat [ 1 1 1 1], L_0000022d75ec2680, L_0000022d75ec2680, L_0000022d75ec2680, L_0000022d75ec2680;
LS_0000022d75ec16e0_0_4 .concat [ 1 1 1 1], L_0000022d75ec2680, L_0000022d75ec2680, L_0000022d75ec2680, L_0000022d75ec2680;
LS_0000022d75ec16e0_0_8 .concat [ 1 1 1 1], L_0000022d75ec2680, L_0000022d75ec2680, L_0000022d75ec2680, L_0000022d75ec2680;
LS_0000022d75ec16e0_0_12 .concat [ 1 1 1 1], L_0000022d75ec2680, L_0000022d75ec2680, L_0000022d75ec2680, L_0000022d75ec2680;
L_0000022d75ec16e0 .concat [ 4 4 4 4], LS_0000022d75ec16e0_0_0, LS_0000022d75ec16e0_0_4, LS_0000022d75ec16e0_0_8, LS_0000022d75ec16e0_0_12;
L_0000022d75ec27c0 .concat [ 16 16 0 0], v0000022d75ec2360_0, L_0000022d75ec16e0;
L_0000022d75ec25e0 .part v0000022d75e23310_0, 15, 1;
LS_0000022d75ec1dc0_0_0 .concat [ 1 1 1 1], L_0000022d75ec25e0, L_0000022d75ec25e0, L_0000022d75ec25e0, L_0000022d75ec25e0;
LS_0000022d75ec1dc0_0_4 .concat [ 1 1 1 1], L_0000022d75ec25e0, L_0000022d75ec25e0, L_0000022d75ec25e0, L_0000022d75ec25e0;
LS_0000022d75ec1dc0_0_8 .concat [ 1 1 1 1], L_0000022d75ec25e0, L_0000022d75ec25e0, L_0000022d75ec25e0, L_0000022d75ec25e0;
LS_0000022d75ec1dc0_0_12 .concat [ 1 1 1 1], L_0000022d75ec25e0, L_0000022d75ec25e0, L_0000022d75ec25e0, L_0000022d75ec25e0;
L_0000022d75ec1dc0 .concat [ 4 4 4 4], LS_0000022d75ec1dc0_0_0, LS_0000022d75ec1dc0_0_4, LS_0000022d75ec1dc0_0_8, LS_0000022d75ec1dc0_0_12;
L_0000022d75ec2ea0 .concat [ 16 16 0 0], v0000022d75e23310_0, L_0000022d75ec1dc0;
L_0000022d75ec2f40 .concat [ 32 32 0 0], L_0000022d75ec27c0, L_0000022d75ec4078;
L_0000022d75ec1500 .concat [ 32 32 0 0], L_0000022d75ec2ea0, L_0000022d75ec40c0;
L_0000022d75ec10a0 .arith/mult 64, L_0000022d75ec2f40, L_0000022d75ec1500;
L_0000022d75ec1780 .part L_0000022d75ec10a0, 8, 17;
L_0000022d75ec2c20 .part L_0000022d75ec1780, 0, 16;
S_0000022d75e5f7c0 .scope module, "softoff" "off_softplus" 3 25, 6 8 0, S_0000022d75e690d0;
 .timescale -9 -12;
    .port_info 0 /INPUT 16 "operand";
    .port_info 1 /OUTPUT 16 "offset";
v0000022d75ec01d0_0 .var "offset", 15 0;
v0000022d75ec0810_0 .net "operand", 15 0, v0000022d75ec2360_0;  alias, 1 drivers
v0000022d75ec0770_0 .var "outneg", 15 0;
v0000022d75ec03b0_0 .var "outpos", 15 0;
v0000022d75ec0630_0 .net "sign", 0 0, L_0000022d75ec2720;  1 drivers
v0000022d75ec04f0_0 .net "x", 7 0, L_0000022d75ec2d60;  1 drivers
E_0000022d75e4dd40 .event anyedge, v0000022d75ec04f0_0, v0000022d75ec0630_0, v0000022d75ec03b0_0, v0000022d75ec0770_0;
L_0000022d75ec2720 .part v0000022d75ec2360_0, 15, 1;
L_0000022d75ec2d60 .part v0000022d75ec2360_0, 8, 8;
    .scope S_0000022d75e69260;
T_0 ;
    %wait E_0000022d75e4d200;
    %load/vec4 v0000022d75ec0ef0_0;
    %dup/vec4;
    %pushi/vec4 0, 0, 8;
    %cmp/u;
    %jmp/1 T_0.0, 6;
    %dup/vec4;
    %pushi/vec4 1, 0, 8;
    %cmp/u;
    %jmp/1 T_0.1, 6;
    %dup/vec4;
    %pushi/vec4 2, 0, 8;
    %cmp/u;
    %jmp/1 T_0.2, 6;
    %dup/vec4;
    %pushi/vec4 3, 0, 8;
    %cmp/u;
    %jmp/1 T_0.3, 6;
    %dup/vec4;
    %pushi/vec4 4, 0, 8;
    %cmp/u;
    %jmp/1 T_0.4, 6;
    %pushi/vec4 110, 0, 16;
    %store/vec4 v0000022d75e69490_0, 0, 16;
    %jmp T_0.6;
T_0.0 ;
    %pushi/vec4 68, 0, 16;
    %store/vec4 v0000022d75e69490_0, 0, 16;
    %jmp T_0.6;
T_0.1 ;
    %pushi/vec4 90, 0, 16;
    %store/vec4 v0000022d75e69490_0, 0, 16;
    %jmp T_0.6;
T_0.2 ;
    %pushi/vec4 102, 0, 16;
    %store/vec4 v0000022d75e69490_0, 0, 16;
    %jmp T_0.6;
T_0.3 ;
    %pushi/vec4 107, 0, 16;
    %store/vec4 v0000022d75e69490_0, 0, 16;
    %jmp T_0.6;
T_0.4 ;
    %pushi/vec4 109, 0, 16;
    %store/vec4 v0000022d75e69490_0, 0, 16;
    %jmp T_0.6;
T_0.6 ;
    %pop/vec4 1;
    %load/vec4 v0000022d75ec0ef0_0;
    %dup/vec4;
    %pushi/vec4 251, 0, 8;
    %cmp/u;
    %jmp/1 T_0.7, 6;
    %dup/vec4;
    %pushi/vec4 252, 0, 8;
    %cmp/u;
    %jmp/1 T_0.8, 6;
    %dup/vec4;
    %pushi/vec4 253, 0, 8;
    %cmp/u;
    %jmp/1 T_0.9, 6;
    %dup/vec4;
    %pushi/vec4 254, 0, 8;
    %cmp/u;
    %jmp/1 T_0.10, 6;
    %dup/vec4;
    %pushi/vec4 255, 0, 8;
    %cmp/u;
    %jmp/1 T_0.11, 6;
    %pushi/vec4 0, 0, 16;
    %store/vec4 v0000022d75e693f0_0, 0, 16;
    %jmp T_0.13;
T_0.7 ;
    %pushi/vec4 1, 0, 16;
    %store/vec4 v0000022d75e693f0_0, 0, 16;
    %jmp T_0.13;
T_0.8 ;
    %pushi/vec4 3, 0, 16;
    %store/vec4 v0000022d75e693f0_0, 0, 16;
    %jmp T_0.13;
T_0.9 ;
    %pushi/vec4 8, 0, 16;
    %store/vec4 v0000022d75e693f0_0, 0, 16;
    %jmp T_0.13;
T_0.10 ;
    %pushi/vec4 20, 0, 16;
    %store/vec4 v0000022d75e693f0_0, 0, 16;
    %jmp T_0.13;
T_0.11 ;
    %pushi/vec4 42, 0, 16;
    %store/vec4 v0000022d75e693f0_0, 0, 16;
    %jmp T_0.13;
T_0.13 ;
    %pop/vec4 1;
    %load/vec4 v0000022d75ec0a90_0;
    %dup/vec4;
    %pushi/vec4 0, 0, 1;
    %cmp/u;
    %jmp/1 T_0.14, 6;
    %load/vec4 v0000022d75e693f0_0;
    %store/vec4 v0000022d75e23310_0, 0, 16;
    %jmp T_0.16;
T_0.14 ;
    %load/vec4 v0000022d75e69490_0;
    %store/vec4 v0000022d75e23310_0, 0, 16;
    %jmp T_0.16;
T_0.16 ;
    %pop/vec4 1;
    %jmp T_0;
    .thread T_0, $push;
    .scope S_0000022d75e5f7c0;
T_1 ;
    %wait E_0000022d75e4dd40;
    %load/vec4 v0000022d75ec04f0_0;
    %dup/vec4;
    %pushi/vec4 0, 0, 8;
    %cmp/u;
    %jmp/1 T_1.0, 6;
    %dup/vec4;
    %pushi/vec4 1, 0, 8;
    %cmp/u;
    %jmp/1 T_1.1, 6;
    %dup/vec4;
    %pushi/vec4 2, 0, 8;
    %cmp/u;
    %jmp/1 T_1.2, 6;
    %dup/vec4;
    %pushi/vec4 3, 0, 8;
    %cmp/u;
    %jmp/1 T_1.3, 6;
    %dup/vec4;
    %pushi/vec4 4, 0, 8;
    %cmp/u;
    %jmp/1 T_1.4, 6;
    %pushi/vec4 9, 0, 16;
    %store/vec4 v0000022d75ec03b0_0, 0, 16;
    %jmp T_1.6;
T_1.0 ;
    %pushi/vec4 77, 0, 16;
    %store/vec4 v0000022d75ec03b0_0, 0, 16;
    %jmp T_1.6;
T_1.1 ;
    %pushi/vec4 55, 0, 16;
    %store/vec4 v0000022d75ec03b0_0, 0, 16;
    %jmp T_1.6;
T_1.2 ;
    %pushi/vec4 32, 0, 16;
    %store/vec4 v0000022d75ec03b0_0, 0, 16;
    %jmp T_1.6;
T_1.3 ;
    %pushi/vec4 20, 0, 16;
    %store/vec4 v0000022d75ec03b0_0, 0, 16;
    %jmp T_1.6;
T_1.4 ;
    %pushi/vec4 11, 0, 16;
    %store/vec4 v0000022d75ec03b0_0, 0, 16;
    %jmp T_1.6;
T_1.6 ;
    %pop/vec4 1;
    %load/vec4 v0000022d75ec04f0_0;
    %dup/vec4;
    %pushi/vec4 255, 0, 8;
    %cmp/u;
    %jmp/1 T_1.7, 6;
    %dup/vec4;
    %pushi/vec4 254, 0, 8;
    %cmp/u;
    %jmp/1 T_1.8, 6;
    %dup/vec4;
    %pushi/vec4 253, 0, 8;
    %cmp/u;
    %jmp/1 T_1.9, 6;
    %dup/vec4;
    %pushi/vec4 252, 0, 8;
    %cmp/u;
    %jmp/1 T_1.10, 6;
    %dup/vec4;
    %pushi/vec4 251, 0, 8;
    %cmp/u;
    %jmp/1 T_1.11, 6;
    %pushi/vec4 2, 0, 16;
    %store/vec4 v0000022d75ec0770_0, 0, 16;
    %jmp T_1.13;
T_1.7 ;
    %pushi/vec4 76, 0, 16;
    %store/vec4 v0000022d75ec0770_0, 0, 16;
    %jmp T_1.13;
T_1.8 ;
    %pushi/vec4 55, 0, 16;
    %store/vec4 v0000022d75ec0770_0, 0, 16;
    %jmp T_1.13;
T_1.9 ;
    %pushi/vec4 31, 0, 16;
    %store/vec4 v0000022d75ec0770_0, 0, 16;
    %jmp T_1.13;
T_1.10 ;
    %pushi/vec4 15, 0, 16;
    %store/vec4 v0000022d75ec0770_0, 0, 16;
    %jmp T_1.13;
T_1.11 ;
    %pushi/vec4 7, 0, 16;
    %store/vec4 v0000022d75ec0770_0, 0, 16;
    %jmp T_1.13;
T_1.13 ;
    %pop/vec4 1;
    %load/vec4 v0000022d75ec0630_0;
    %dup/vec4;
    %pushi/vec4 0, 0, 1;
    %cmp/u;
    %jmp/1 T_1.14, 6;
    %load/vec4 v0000022d75ec0770_0;
    %store/vec4 v0000022d75ec01d0_0, 0, 16;
    %jmp T_1.16;
T_1.14 ;
    %load/vec4 v0000022d75ec03b0_0;
    %store/vec4 v0000022d75ec01d0_0, 0, 16;
    %jmp T_1.16;
T_1.16 ;
    %pop/vec4 1;
    %jmp T_1;
    .thread T_1, $push;
    .scope S_0000022d75e4f5f0;
T_2 ;
    %vpi_call 2 43 "$dumpfile", "wave.vcd" {0 0 0};
    %vpi_call 2 44 "$dumpvars", 32'sb00000000000000000000000000000000, S_0000022d75e4f5f0 {0 0 0};
    %vpi_func 2 53 "$fopen" 32, "result_softplus.txt", "w" {0 0 0};
    %store/vec4 v0000022d75ec2e00_0, 0, 32;
    %pushi/vec4 32768, 0, 32;
    %store/vec4 v0000022d75ec1640_0, 0, 32;
T_2.0 ;
    %load/vec4 v0000022d75ec1640_0;
    %cmpi/u 65535, 0, 32;
    %flag_or 5, 4;
    %jmp/0xz T_2.1, 5;
    %load/vec4 v0000022d75ec1640_0;
    %pad/s 16;
    %store/vec4 v0000022d75ec2360_0, 0, 16;
    %delay 2000, 0;
    %vpi_call 2 56 "$fwriteb", v0000022d75ec2e00_0, v0000022d75ec2360_0 {0 0 0};
    %vpi_call 2 56 "$fwriteb", v0000022d75ec2e00_0, " " {0 0 0};
    %vpi_call 2 56 "$fwriteb", v0000022d75ec2e00_0, v0000022d75ec2180_0 {0 0 0};
    %vpi_call 2 56 "$fwriteb", v0000022d75ec2e00_0, " " {0 0 0};
    %vpi_call 2 56 "$fdisplayh", v0000022d75ec2e00_0, v0000022d75ec2180_0 {0 0 0};
    %load/vec4 v0000022d75ec1640_0;
    %addi 1, 0, 32;
    %store/vec4 v0000022d75ec1640_0, 0, 32;
    %jmp T_2.0;
T_2.1 ;
    %pushi/vec4 0, 0, 32;
    %store/vec4 v0000022d75ec1640_0, 0, 32;
T_2.2 ;
    %load/vec4 v0000022d75ec1640_0;
    %cmpi/u 32767, 0, 32;
    %flag_or 5, 4;
    %jmp/0xz T_2.3, 5;
    %load/vec4 v0000022d75ec1640_0;
    %pad/s 16;
    %store/vec4 v0000022d75ec2360_0, 0, 16;
    %delay 2000, 0;
    %vpi_call 2 61 "$fwriteb", v0000022d75ec2e00_0, v0000022d75ec2360_0 {0 0 0};
    %vpi_call 2 61 "$fwriteb", v0000022d75ec2e00_0, " " {0 0 0};
    %vpi_call 2 61 "$fwriteb", v0000022d75ec2e00_0, v0000022d75ec2180_0 {0 0 0};
    %vpi_call 2 61 "$fwriteb", v0000022d75ec2e00_0, " " {0 0 0};
    %vpi_call 2 61 "$fdisplayh", v0000022d75ec2e00_0, v0000022d75ec2180_0 {0 0 0};
    %load/vec4 v0000022d75ec1640_0;
    %addi 1, 0, 32;
    %store/vec4 v0000022d75ec1640_0, 0, 32;
    %jmp T_2.2;
T_2.3 ;
    %delay 2000, 0;
    %vpi_call 2 64 "$fclose", v0000022d75ec2e00_0 {0 0 0};
    %vpi_call 2 65 "$finish" {0 0 0};
    %end;
    .thread T_2;
# The file index is used to find the file name in the following table.
:file_names 7;
    "N/A";
    "<interactive>";
    "testbench\softplus_tb.v";
    "rtl\softplus.v";
    "rtl\grad_softplus.v";
    "rtl\mult.v";
    "rtl\off_softplus.v";
