#! /c/Source/iverilog-install/bin/vvp
:ivl_version "12.0 (devel)" "(s20150603-1539-g2693dd32b)";
:ivl_delay_selection "TYPICAL";
:vpi_time_precision - 12;
:vpi_module "C:\PROGRA~1\iverilog\lib\ivl\system.vpi";
:vpi_module "C:\PROGRA~1\iverilog\lib\ivl\vhdl_sys.vpi";
:vpi_module "C:\PROGRA~1\iverilog\lib\ivl\vhdl_textio.vpi";
:vpi_module "C:\PROGRA~1\iverilog\lib\ivl\v2005_math.vpi";
:vpi_module "C:\PROGRA~1\iverilog\lib\ivl\va_math.vpi";
S_000001ab8980f1f0 .scope module, "softplus_squared_tb" "softplus_squared_tb" 2 3;
 .timescale -9 -12;
P_000001ab8980da40 .param/l "WIDTH" 0 2 8, +C4<00000000000000000000000000010000>;
v000001ab89882220_0 .net/s "alfa", 15 0, L_000001ab89881fa0;  1 drivers
v000001ab89882ea0_0 .var/i "fd", 31 0;
v000001ab898827c0_0 .var/i "i", 31 0;
v000001ab89881c80_0 .var/s "x", 15 0;
S_000001ab8980f380 .scope module, "uut" "softplus_squared" 2 33, 3 11 0, S_000001ab8980f1f0;
 .timescale -9 -12;
    .port_info 0 /INPUT 16 "operand";
    .port_info 1 /OUTPUT 16 "out";
v000001ab89880e50_0 .net "grad", 15 0, v000001ab897e32f0_0;  1 drivers
v000001ab898809f0_0 .net "mulres", 15 0, L_000001ab89881140;  1 drivers
v000001ab89881b40_0 .net "offset", 15 0, v000001ab89880130_0;  1 drivers
v000001ab89881e60_0 .net "operand", 15 0, v000001ab89881c80_0;  1 drivers
v000001ab89881f00_0 .net "out", 15 0, L_000001ab89881fa0;  alias, 1 drivers
L_000001ab89881fa0 .arith/sum 16, L_000001ab89881140, v000001ab89880130_0;
S_000001ab898290d0 .scope module, "softgrad" "grad_softplus_squared" 3 19, 4 8 0, S_000001ab8980f380;
 .timescale -9 -12;
    .port_info 0 /INPUT 16 "operand";
    .port_info 1 /OUTPUT 16 "grad";
v000001ab897e32f0_0 .var "grad", 15 0;
v000001ab89814520_0 .net "operand", 15 0, v000001ab89881c80_0;  alias, 1 drivers
v000001ab898145c0_0 .var "outneg", 15 0;
v000001ab89814660_0 .var "outpos", 15 0;
v000001ab89880db0_0 .net "sign", 0 0, L_000001ab89881500;  1 drivers
v000001ab89880ef0_0 .net "x", 7 0, L_000001ab89882400;  1 drivers
E_000001ab8980d480 .event anyedge, v000001ab89880ef0_0, v000001ab89880db0_0, v000001ab89814660_0, v000001ab898145c0_0;
L_000001ab89881500 .part v000001ab89881c80_0, 15, 1;
L_000001ab89882400 .part v000001ab89881c80_0, 8, 8;
S_000001ab89829260 .scope module, "softmul" "mult" 3 31, 5 8 0, S_000001ab8980f380;
 .timescale -9 -12;
    .port_info 0 /INPUT 16 "Operand_1";
    .port_info 1 /INPUT 16 "Operand_2";
    .port_info 2 /OUTPUT 16 "result";
v000001ab89880950_0 .net "Operand_1", 15 0, v000001ab89881c80_0;  alias, 1 drivers
v000001ab89880d10_0 .net "Operand_2", 15 0, v000001ab897e32f0_0;  alias, 1 drivers
v000001ab89880590_0 .net *"_ivl_1", 0 0, L_000001ab898815a0;  1 drivers
v000001ab89880310_0 .net *"_ivl_12", 63 0, L_000001ab89881d20;  1 drivers
L_000001ab89884078 .functor BUFT 1, C4<00000000000000000000000000000000>, C4<0>, C4<0>, C4<0>;
v000001ab898801d0_0 .net *"_ivl_15", 31 0, L_000001ab89884078;  1 drivers
v000001ab89880630_0 .net *"_ivl_16", 63 0, L_000001ab89882e00;  1 drivers
L_000001ab898840c0 .functor BUFT 1, C4<00000000000000000000000000000000>, C4<0>, C4<0>, C4<0>;
v000001ab89880a90_0 .net *"_ivl_19", 31 0, L_000001ab898840c0;  1 drivers
v000001ab89880f90_0 .net *"_ivl_2", 15 0, L_000001ab89882860;  1 drivers
v000001ab898808b0_0 .net *"_ivl_23", 16 0, L_000001ab89882360;  1 drivers
v000001ab89880270_0 .net *"_ivl_7", 0 0, L_000001ab89881780;  1 drivers
v000001ab89880090_0 .net *"_ivl_8", 15 0, L_000001ab89882040;  1 drivers
v000001ab89880b30_0 .net "result", 15 0, L_000001ab89881140;  alias, 1 drivers
v000001ab898803b0_0 .net "temp", 63 0, L_000001ab89882a40;  1 drivers
v000001ab89880450_0 .net "temp_op1", 31 0, L_000001ab89882d60;  1 drivers
v000001ab89880bd0_0 .net "temp_op2", 31 0, L_000001ab898813c0;  1 drivers
L_000001ab898815a0 .part v000001ab89881c80_0, 15, 1;
LS_000001ab89882860_0_0 .concat [ 1 1 1 1], L_000001ab898815a0, L_000001ab898815a0, L_000001ab898815a0, L_000001ab898815a0;
LS_000001ab89882860_0_4 .concat [ 1 1 1 1], L_000001ab898815a0, L_000001ab898815a0, L_000001ab898815a0, L_000001ab898815a0;
LS_000001ab89882860_0_8 .concat [ 1 1 1 1], L_000001ab898815a0, L_000001ab898815a0, L_000001ab898815a0, L_000001ab898815a0;
LS_000001ab89882860_0_12 .concat [ 1 1 1 1], L_000001ab898815a0, L_000001ab898815a0, L_000001ab898815a0, L_000001ab898815a0;
L_000001ab89882860 .concat [ 4 4 4 4], LS_000001ab89882860_0_0, LS_000001ab89882860_0_4, LS_000001ab89882860_0_8, LS_000001ab89882860_0_12;
L_000001ab89882d60 .concat [ 16 16 0 0], v000001ab89881c80_0, L_000001ab89882860;
L_000001ab89881780 .part v000001ab897e32f0_0, 15, 1;
LS_000001ab89882040_0_0 .concat [ 1 1 1 1], L_000001ab89881780, L_000001ab89881780, L_000001ab89881780, L_000001ab89881780;
LS_000001ab89882040_0_4 .concat [ 1 1 1 1], L_000001ab89881780, L_000001ab89881780, L_000001ab89881780, L_000001ab89881780;
LS_000001ab89882040_0_8 .concat [ 1 1 1 1], L_000001ab89881780, L_000001ab89881780, L_000001ab89881780, L_000001ab89881780;
LS_000001ab89882040_0_12 .concat [ 1 1 1 1], L_000001ab89881780, L_000001ab89881780, L_000001ab89881780, L_000001ab89881780;
L_000001ab89882040 .concat [ 4 4 4 4], LS_000001ab89882040_0_0, LS_000001ab89882040_0_4, LS_000001ab89882040_0_8, LS_000001ab89882040_0_12;
L_000001ab898813c0 .concat [ 16 16 0 0], v000001ab897e32f0_0, L_000001ab89882040;
L_000001ab89881d20 .concat [ 32 32 0 0], L_000001ab89882d60, L_000001ab89884078;
L_000001ab89882e00 .concat [ 32 32 0 0], L_000001ab898813c0, L_000001ab898840c0;
L_000001ab89882a40 .arith/mult 64, L_000001ab89881d20, L_000001ab89882e00;
L_000001ab89882360 .part L_000001ab89882a40, 8, 17;
L_000001ab89881140 .part L_000001ab89882360, 0, 16;
S_000001ab8981f630 .scope module, "softoff" "off_softplus_squared" 3 25, 6 8 0, S_000001ab8980f380;
 .timescale -9 -12;
    .port_info 0 /INPUT 16 "operand";
    .port_info 1 /OUTPUT 16 "offset";
v000001ab89880130_0 .var "offset", 15 0;
v000001ab898804f0_0 .net "operand", 15 0, v000001ab89881c80_0;  alias, 1 drivers
v000001ab898806d0_0 .var "outneg", 15 0;
v000001ab89880c70_0 .var "outpos", 15 0;
v000001ab89880770_0 .net "sign", 0 0, L_000001ab898824a0;  1 drivers
v000001ab89880810_0 .net "x", 7 0, L_000001ab89882cc0;  1 drivers
E_000001ab8980d700 .event anyedge, v000001ab89880810_0, v000001ab89880770_0, v000001ab89880c70_0, v000001ab898806d0_0;
L_000001ab898824a0 .part v000001ab89881c80_0, 15, 1;
L_000001ab89882cc0 .part v000001ab89881c80_0, 8, 8;
    .scope S_000001ab898290d0;
T_0 ;
    %wait E_000001ab8980d480;
    %load/vec4 v000001ab89880ef0_0;
    %dup/vec4;
    %pushi/vec4 0, 0, 8;
    %cmp/u;
    %jmp/1 T_0.0, 6;
    %dup/vec4;
    %pushi/vec4 1, 0, 8;
    %cmp/u;
    %jmp/1 T_0.1, 6;
    %dup/vec4;
    %pushi/vec4 2, 0, 8;
    %cmp/u;
    %jmp/1 T_0.2, 6;
    %dup/vec4;
    %pushi/vec4 3, 0, 8;
    %cmp/u;
    %jmp/1 T_0.3, 6;
    %dup/vec4;
    %pushi/vec4 4, 0, 8;
    %cmp/u;
    %jmp/1 T_0.4, 6;
    %pushi/vec4 110, 0, 16;
    %store/vec4 v000001ab89814660_0, 0, 16;
    %jmp T_0.6;
T_0.0 ;
    %pushi/vec4 68, 0, 16;
    %store/vec4 v000001ab89814660_0, 0, 16;
    %jmp T_0.6;
T_0.1 ;
    %pushi/vec4 90, 0, 16;
    %store/vec4 v000001ab89814660_0, 0, 16;
    %jmp T_0.6;
T_0.2 ;
    %pushi/vec4 102, 0, 16;
    %store/vec4 v000001ab89814660_0, 0, 16;
    %jmp T_0.6;
T_0.3 ;
    %pushi/vec4 107, 0, 16;
    %store/vec4 v000001ab89814660_0, 0, 16;
    %jmp T_0.6;
T_0.4 ;
    %pushi/vec4 109, 0, 16;
    %store/vec4 v000001ab89814660_0, 0, 16;
    %jmp T_0.6;
T_0.6 ;
    %pop/vec4 1;
    %load/vec4 v000001ab89880ef0_0;
    %dup/vec4;
    %pushi/vec4 251, 0, 8;
    %cmp/u;
    %jmp/1 T_0.7, 6;
    %dup/vec4;
    %pushi/vec4 252, 0, 8;
    %cmp/u;
    %jmp/1 T_0.8, 6;
    %dup/vec4;
    %pushi/vec4 253, 0, 8;
    %cmp/u;
    %jmp/1 T_0.9, 6;
    %dup/vec4;
    %pushi/vec4 254, 0, 8;
    %cmp/u;
    %jmp/1 T_0.10, 6;
    %dup/vec4;
    %pushi/vec4 255, 0, 8;
    %cmp/u;
    %jmp/1 T_0.11, 6;
    %pushi/vec4 0, 0, 16;
    %store/vec4 v000001ab898145c0_0, 0, 16;
    %jmp T_0.13;
T_0.7 ;
    %pushi/vec4 1, 0, 16;
    %store/vec4 v000001ab898145c0_0, 0, 16;
    %jmp T_0.13;
T_0.8 ;
    %pushi/vec4 3, 0, 16;
    %store/vec4 v000001ab898145c0_0, 0, 16;
    %jmp T_0.13;
T_0.9 ;
    %pushi/vec4 8, 0, 16;
    %store/vec4 v000001ab898145c0_0, 0, 16;
    %jmp T_0.13;
T_0.10 ;
    %pushi/vec4 20, 0, 16;
    %store/vec4 v000001ab898145c0_0, 0, 16;
    %jmp T_0.13;
T_0.11 ;
    %pushi/vec4 42, 0, 16;
    %store/vec4 v000001ab898145c0_0, 0, 16;
    %jmp T_0.13;
T_0.13 ;
    %pop/vec4 1;
    %load/vec4 v000001ab89880db0_0;
    %dup/vec4;
    %pushi/vec4 0, 0, 1;
    %cmp/u;
    %jmp/1 T_0.14, 6;
    %load/vec4 v000001ab898145c0_0;
    %store/vec4 v000001ab897e32f0_0, 0, 16;
    %jmp T_0.16;
T_0.14 ;
    %load/vec4 v000001ab89814660_0;
    %store/vec4 v000001ab897e32f0_0, 0, 16;
    %jmp T_0.16;
T_0.16 ;
    %pop/vec4 1;
    %jmp T_0;
    .thread T_0, $push;
    .scope S_000001ab8981f630;
T_1 ;
    %wait E_000001ab8980d700;
    %load/vec4 v000001ab89880810_0;
    %dup/vec4;
    %pushi/vec4 0, 0, 8;
    %cmp/u;
    %jmp/1 T_1.0, 6;
    %dup/vec4;
    %pushi/vec4 1, 0, 8;
    %cmp/u;
    %jmp/1 T_1.1, 6;
    %dup/vec4;
    %pushi/vec4 2, 0, 8;
    %cmp/u;
    %jmp/1 T_1.2, 6;
    %dup/vec4;
    %pushi/vec4 3, 0, 8;
    %cmp/u;
    %jmp/1 T_1.3, 6;
    %dup/vec4;
    %pushi/vec4 4, 0, 8;
    %cmp/u;
    %jmp/1 T_1.4, 6;
    %pushi/vec4 9, 0, 16;
    %store/vec4 v000001ab89880c70_0, 0, 16;
    %jmp T_1.6;
T_1.0 ;
    %pushi/vec4 77, 0, 16;
    %store/vec4 v000001ab89880c70_0, 0, 16;
    %jmp T_1.6;
T_1.1 ;
    %pushi/vec4 55, 0, 16;
    %store/vec4 v000001ab89880c70_0, 0, 16;
    %jmp T_1.6;
T_1.2 ;
    %pushi/vec4 32, 0, 16;
    %store/vec4 v000001ab89880c70_0, 0, 16;
    %jmp T_1.6;
T_1.3 ;
    %pushi/vec4 20, 0, 16;
    %store/vec4 v000001ab89880c70_0, 0, 16;
    %jmp T_1.6;
T_1.4 ;
    %pushi/vec4 11, 0, 16;
    %store/vec4 v000001ab89880c70_0, 0, 16;
    %jmp T_1.6;
T_1.6 ;
    %pop/vec4 1;
    %load/vec4 v000001ab89880810_0;
    %dup/vec4;
    %pushi/vec4 255, 0, 8;
    %cmp/u;
    %jmp/1 T_1.7, 6;
    %dup/vec4;
    %pushi/vec4 254, 0, 8;
    %cmp/u;
    %jmp/1 T_1.8, 6;
    %dup/vec4;
    %pushi/vec4 253, 0, 8;
    %cmp/u;
    %jmp/1 T_1.9, 6;
    %dup/vec4;
    %pushi/vec4 252, 0, 8;
    %cmp/u;
    %jmp/1 T_1.10, 6;
    %dup/vec4;
    %pushi/vec4 251, 0, 8;
    %cmp/u;
    %jmp/1 T_1.11, 6;
    %pushi/vec4 2, 0, 16;
    %store/vec4 v000001ab898806d0_0, 0, 16;
    %jmp T_1.13;
T_1.7 ;
    %pushi/vec4 76, 0, 16;
    %store/vec4 v000001ab898806d0_0, 0, 16;
    %jmp T_1.13;
T_1.8 ;
    %pushi/vec4 55, 0, 16;
    %store/vec4 v000001ab898806d0_0, 0, 16;
    %jmp T_1.13;
T_1.9 ;
    %pushi/vec4 31, 0, 16;
    %store/vec4 v000001ab898806d0_0, 0, 16;
    %jmp T_1.13;
T_1.10 ;
    %pushi/vec4 15, 0, 16;
    %store/vec4 v000001ab898806d0_0, 0, 16;
    %jmp T_1.13;
T_1.11 ;
    %pushi/vec4 7, 0, 16;
    %store/vec4 v000001ab898806d0_0, 0, 16;
    %jmp T_1.13;
T_1.13 ;
    %pop/vec4 1;
    %load/vec4 v000001ab89880770_0;
    %dup/vec4;
    %pushi/vec4 0, 0, 1;
    %cmp/u;
    %jmp/1 T_1.14, 6;
    %load/vec4 v000001ab898806d0_0;
    %store/vec4 v000001ab89880130_0, 0, 16;
    %jmp T_1.16;
T_1.14 ;
    %load/vec4 v000001ab89880c70_0;
    %store/vec4 v000001ab89880130_0, 0, 16;
    %jmp T_1.16;
T_1.16 ;
    %pop/vec4 1;
    %jmp T_1;
    .thread T_1, $push;
    .scope S_000001ab8980f1f0;
T_2 ;
    %vpi_call 2 43 "$dumpfile", "wave.vcd" {0 0 0};
    %vpi_call 2 44 "$dumpvars", 32'sb00000000000000000000000000000000, S_000001ab8980f1f0 {0 0 0};
    %vpi_func 2 53 "$fopen" 32, "result_softplus_squared.txt", "w" {0 0 0};
    %store/vec4 v000001ab89882ea0_0, 0, 32;
    %pushi/vec4 63744, 0, 32;
    %store/vec4 v000001ab898827c0_0, 0, 32;
T_2.0 ;
    %load/vec4 v000001ab898827c0_0;
    %cmpi/u 65535, 0, 32;
    %flag_or 5, 4;
    %jmp/0xz T_2.1, 5;
    %load/vec4 v000001ab898827c0_0;
    %pad/s 16;
    %store/vec4 v000001ab89881c80_0, 0, 16;
    %delay 2000, 0;
    %vpi_call 2 56 "$fwriteb", v000001ab89882ea0_0, v000001ab89881c80_0 {0 0 0};
    %vpi_call 2 56 "$fwriteb", v000001ab89882ea0_0, " " {0 0 0};
    %vpi_call 2 56 "$fwriteb", v000001ab89882ea0_0, v000001ab89882220_0 {0 0 0};
    %vpi_call 2 56 "$fwriteb", v000001ab89882ea0_0, " " {0 0 0};
    %vpi_call 2 56 "$fdisplayh", v000001ab89882ea0_0, v000001ab89882220_0 {0 0 0};
    %load/vec4 v000001ab898827c0_0;
    %addi 1, 0, 32;
    %store/vec4 v000001ab898827c0_0, 0, 32;
    %jmp T_2.0;
T_2.1 ;
    %pushi/vec4 0, 0, 32;
    %store/vec4 v000001ab898827c0_0, 0, 32;
T_2.2 ;
    %load/vec4 v000001ab898827c0_0;
    %cmpi/u 1792, 0, 32;
    %flag_or 5, 4;
    %jmp/0xz T_2.3, 5;
    %load/vec4 v000001ab898827c0_0;
    %pad/s 16;
    %store/vec4 v000001ab89881c80_0, 0, 16;
    %delay 2000, 0;
    %vpi_call 2 61 "$fwriteb", v000001ab89882ea0_0, v000001ab89881c80_0 {0 0 0};
    %vpi_call 2 61 "$fwriteb", v000001ab89882ea0_0, " " {0 0 0};
    %vpi_call 2 61 "$fwriteb", v000001ab89882ea0_0, v000001ab89882220_0 {0 0 0};
    %vpi_call 2 61 "$fwriteb", v000001ab89882ea0_0, " " {0 0 0};
    %vpi_call 2 61 "$fdisplayh", v000001ab89882ea0_0, v000001ab89882220_0 {0 0 0};
    %load/vec4 v000001ab898827c0_0;
    %addi 1, 0, 32;
    %store/vec4 v000001ab898827c0_0, 0, 32;
    %jmp T_2.2;
T_2.3 ;
    %delay 2000, 0;
    %vpi_call 2 64 "$fclose", v000001ab89882ea0_0 {0 0 0};
    %vpi_call 2 65 "$finish" {0 0 0};
    %end;
    .thread T_2;
# The file index is used to find the file name in the following table.
:file_names 7;
    "N/A";
    "<interactive>";
    "testbench\softplus_squared_tb.v";
    "rtl\softplus_squared.v";
    "rtl\grad_softplus_squared.v";
    "rtl\mult.v";
    "rtl\off_softplus_squared.v";
